<?xml version="1.0" encoding="UTF-8"?>
<testExecutions version="1">
  <file path="F:\Studies\sampleone\src\test\login.test.js">
  </file>
</testExecutions>